::1 - - [25/Oct/2023:18:06:05 +0000] "GET / HTTP/1.1" - -
::1 - - [25/Oct/2023:18:06:05 +0000] "GET /movie HTTP/1.1" - -
::1 - - [25/Oct/2023:18:06:15 +0000] "GET / HTTP/1.1" - -
::1 - - [25/Oct/2023:18:06:15 +0000] "GET /movie HTTP/1.1" - -
::1 - - [25/Oct/2023:18:06:15 +0000] "GET /favicon.ico HTTP/1.1" - -
::1 - - [25/Oct/2023:18:06:26 +0000] "GET /movie/ HTTP/1.1" - -
::1 - - [25/Oct/2023:18:13:02 +0000] "GET / HTTP/1.1" - -
::1 - - [25/Oct/2023:18:13:02 +0000] "GET /movie HTTP/1.1" - -
::1 - - [27/Oct/2023:12:01:46 +0000] "GET / HTTP/1.1" - -
::1 - - [27/Oct/2023:12:01:46 +0000] "GET /movie HTTP/1.1" - -
::1 - - [27/Oct/2023:12:01:46 +0000] "GET /style.css HTTP/1.1" - -
::1 - - [27/Oct/2023:12:01:46 +0000] "GET /favicon.ico HTTP/1.1" - -
::1 - - [27/Oct/2023:12:07:35 +0000] "GET / HTTP/1.1" - -
::1 - - [27/Oct/2023:12:07:35 +0000] "GET /movie HTTP/1.1" - -
::1 - - [27/Oct/2023:12:07:35 +0000] "GET /style.css HTTP/1.1" - -
::1 - - [27/Oct/2023:12:13:09 +0000] "GET / HTTP/1.1" - -
::1 - - [27/Oct/2023:12:13:09 +0000] "GET /movie HTTP/1.1" - -
::1 - - [27/Oct/2023:12:13:09 +0000] "GET /style.css HTTP/1.1" - -
::1 - - [27/Oct/2023:13:04:41 +0000] "GET / HTTP/1.1" - -
::1 - - [27/Oct/2023:13:04:41 +0000] "GET /movie HTTP/1.1" - -
::1 - - [27/Oct/2023:13:04:41 +0000] "GET /style.css HTTP/1.1" - -
::1 - - [27/Oct/2023:13:26:12 +0000] "GET / HTTP/1.1" - -
::1 - - [27/Oct/2023:13:26:12 +0000] "GET /movie HTTP/1.1" - -
::1 - - [27/Oct/2023:13:26:12 +0000] "GET /style.css HTTP/1.1" - -
::1 - - [27/Oct/2023:13:26:21 +0000] "GET /movie/delete/3 HTTP/1.1" - -
::1 - - [27/Oct/2023:13:28:05 +0000] "GET /movie/delete/3 HTTP/1.1" - -
::1 - - [27/Oct/2023:13:28:51 +0000] "GET /movie/delete/3 HTTP/1.1" - -
::1 - - [27/Oct/2023:13:30:33 +0000] "GET / HTTP/1.1" - -
::1 - - [27/Oct/2023:13:30:33 +0000] "GET /movie HTTP/1.1" - -
::1 - - [27/Oct/2023:13:30:33 +0000] "GET /style.css HTTP/1.1" - -
::1 - - [27/Oct/2023:13:30:40 +0000] "GET / HTTP/1.1" - -
::1 - - [27/Oct/2023:13:30:40 +0000] "GET /movie HTTP/1.1" - -
::1 - - [27/Oct/2023:13:30:40 +0000] "GET /style.css HTTP/1.1" - -
::1 - - [27/Oct/2023:13:30:44 +0000] "GET / HTTP/1.1" - -
::1 - - [27/Oct/2023:13:30:44 +0000] "GET /movie HTTP/1.1" - -
::1 - - [27/Oct/2023:13:30:44 +0000] "GET /style.css HTTP/1.1" - -
::1 - - [27/Oct/2023:13:31:17 +0000] "GET / HTTP/1.1" - -
::1 - - [27/Oct/2023:13:31:17 +0000] "GET /movie HTTP/1.1" - -
::1 - - [27/Oct/2023:13:31:17 +0000] "GET /style.css HTTP/1.1" - -
::1 - - [27/Oct/2023:13:31:19 +0000] "GET /movie/delete/1 HTTP/1.1" - -
::1 - - [27/Oct/2023:15:42:47 +0000] "GET / HTTP/1.1" - -
::1 - - [27/Oct/2023:15:42:47 +0000] "GET /movie HTTP/1.1" - -
::1 - - [27/Oct/2023:15:43:04 +0000] "GET /movie/delete/1 HTTP/1.1" - -
::1 - - [27/Oct/2023:16:06:00 +0000] "GET / HTTP/1.1" - -
::1 - - [27/Oct/2023:16:06:00 +0000] "GET /movie HTTP/1.1" - -
::1 - - [27/Oct/2023:16:06:05 +0000] "GET /movie/delete/1 HTTP/1.1" - -
::1 - - [27/Oct/2023:16:07:05 +0000] "GET / HTTP/1.1" - -
::1 - - [27/Oct/2023:16:07:05 +0000] "GET /movie HTTP/1.1" - -
::1 - - [27/Oct/2023:16:07:11 +0000] "GET /movie/delete/1 HTTP/1.1" - -
::1 - - [27/Oct/2023:16:08:14 +0000] "GET / HTTP/1.1" - -
::1 - - [27/Oct/2023:16:08:14 +0000] "GET /movie HTTP/1.1" - -
::1 - - [27/Oct/2023:16:08:17 +0000] "GET /movie/delete/2 HTTP/1.1" - -
::1 - - [27/Oct/2023:16:08:17 +0000] "GET /movie HTTP/1.1" - -
::1 - - [27/Oct/2023:16:08:25 +0000] "GET /movie/delete/3 HTTP/1.1" - -
::1 - - [27/Oct/2023:16:08:25 +0000] "GET /movie HTTP/1.1" - -
::1 - - [27/Oct/2023:16:25:15 +0000] "GET / HTTP/1.1" - -
::1 - - [27/Oct/2023:16:25:15 +0000] "GET /movie HTTP/1.1" - -
::1 - - [27/Oct/2023:16:25:23 +0000] "GET / HTTP/1.1" - -
::1 - - [27/Oct/2023:16:25:23 +0000] "GET /movie HTTP/1.1" - -
::1 - - [27/Oct/2023:16:27:27 +0000] "GET / HTTP/1.1" - -
::1 - - [27/Oct/2023:16:27:27 +0000] "GET /movie HTTP/1.1" - -
::1 - - [27/Oct/2023:16:27:34 +0000] "GET /movie/edit/1 HTTP/1.1" - -
::1 - - [27/Oct/2023:16:27:34 +0000] "GET /movie HTTP/1.1" - -
::1 - - [27/Oct/2023:16:27:36 +0000] "GET /movie/edit/1 HTTP/1.1" - -
::1 - - [27/Oct/2023:16:27:36 +0000] "GET /movie HTTP/1.1" - -
::1 - - [27/Oct/2023:16:27:37 +0000] "GET /movie/edit/1 HTTP/1.1" - -
::1 - - [27/Oct/2023:16:27:37 +0000] "GET /movie HTTP/1.1" - -
::1 - - [27/Oct/2023:16:27:37 +0000] "GET /movie/edit/1 HTTP/1.1" - -
::1 - - [27/Oct/2023:16:27:37 +0000] "GET /movie HTTP/1.1" - -
::1 - - [27/Oct/2023:16:27:38 +0000] "GET /movie/edit/1 HTTP/1.1" - -
::1 - - [27/Oct/2023:16:27:38 +0000] "GET /movie HTTP/1.1" - -
::1 - - [27/Oct/2023:16:27:38 +0000] "GET /movie/edit/1 HTTP/1.1" - -
::1 - - [27/Oct/2023:16:27:38 +0000] "GET /movie HTTP/1.1" - -
::1 - - [27/Oct/2023:16:27:38 +0000] "GET /movie/edit/1 HTTP/1.1" - -
::1 - - [27/Oct/2023:16:27:38 +0000] "GET /movie HTTP/1.1" - -
::1 - - [27/Oct/2023:16:27:39 +0000] "GET /movie/edit/1 HTTP/1.1" - -
::1 - - [27/Oct/2023:16:27:39 +0000] "GET /movie HTTP/1.1" - -
::1 - - [31/Oct/2023:17:52:50 +0000] "GET / HTTP/1.1" - -
::1 - - [31/Oct/2023:17:52:50 +0000] "GET /movie HTTP/1.1" - -
::1 - - [31/Oct/2023:17:52:54 +0000] "GET /movie/form HTTP/1.1" - -
::1 - - [31/Oct/2023:17:52:54 +0000] "GET /movie/style.css HTTP/1.1" - -
::1 - - [31/Oct/2023:17:53:01 +0000] "POST /movie/save HTTP/1.1" - -
::1 - - [31/Oct/2023:17:53:09 +0000] "GET /movie/edit/1 HTTP/1.1" - -
::1 - - [31/Oct/2023:17:53:12 +0000] "GET /movie/delete/3 HTTP/1.1" - -
::1 - - [31/Oct/2023:17:53:12 +0000] "GET /movie HTTP/1.1" - -
::1 - - [31/Oct/2023:17:53:13 +0000] "GET /movie/delete/5 HTTP/1.1" - -
::1 - - [31/Oct/2023:17:53:13 +0000] "GET /movie HTTP/1.1" - -
::1 - - [31/Oct/2023:17:53:14 +0000] "GET /movie/delete/4 HTTP/1.1" - -
::1 - - [31/Oct/2023:17:53:14 +0000] "GET /movie HTTP/1.1" - -
::1 - - [31/Oct/2023:17:53:15 +0000] "GET /movie/form HTTP/1.1" - -
::1 - - [31/Oct/2023:17:53:15 +0000] "GET /movie/style.css HTTP/1.1" - -
::1 - - [31/Oct/2023:17:53:19 +0000] "GET /movie/delete/1 HTTP/1.1" - -
::1 - - [31/Oct/2023:17:53:19 +0000] "GET /movie HTTP/1.1" - -
::1 - - [31/Oct/2023:17:53:20 +0000] "GET /movie/edit/2 HTTP/1.1" - -
::1 - - [03/Nov/2023:09:57:03 +0000] "GET / HTTP/1.1" - -
::1 - - [03/Nov/2023:09:57:03 +0000] "GET /movie HTTP/1.1" - -
::1 - - [03/Nov/2023:09:57:09 +0000] "GET /movie/form HTTP/1.1" - -
::1 - - [03/Nov/2023:09:57:09 +0000] "GET /movie/style.css HTTP/1.1" - -
::1 - - [03/Nov/2023:09:57:16 +0000] "POST /movie/save HTTP/1.1" - -
::1 - - [03/Nov/2023:09:57:16 +0000] "GET /movie HTTP/1.1" - -
::1 - - [03/Nov/2023:09:57:21 +0000] "GET /movie/form HTTP/1.1" - -
::1 - - [03/Nov/2023:09:57:21 +0000] "GET /movie/style.css HTTP/1.1" - -
::1 - - [03/Nov/2023:09:57:25 +0000] "POST /movie/save HTTP/1.1" - -
::1 - - [03/Nov/2023:09:57:25 +0000] "GET /movie HTTP/1.1" - -
::1 - - [03/Nov/2023:09:57:27 +0000] "GET /movie/edit/1 HTTP/1.1" - -
::1 - - [03/Nov/2023:10:32:11 +0000] "GET / HTTP/1.1" - -
::1 - - [03/Nov/2023:10:32:11 +0000] "GET /movie HTTP/1.1" - -
::1 - - [03/Nov/2023:10:32:19 +0000] "GET /movie/edit/1 HTTP/1.1" - -
::1 - - [03/Nov/2023:10:33:11 +0000] "GET / HTTP/1.1" - -
::1 - - [03/Nov/2023:10:33:11 +0000] "GET /movie HTTP/1.1" - -
::1 - - [03/Nov/2023:10:33:12 +0000] "GET /favicon.ico HTTP/1.1" - -
::1 - - [03/Nov/2023:10:33:14 +0000] "GET /movie/edit/1 HTTP/1.1" - -
::1 - - [03/Nov/2023:10:34:01 +0000] "GET / HTTP/1.1" - -
::1 - - [03/Nov/2023:10:34:01 +0000] "GET /movie HTTP/1.1" - -
::1 - - [03/Nov/2023:10:34:02 +0000] "GET /favicon.ico HTTP/1.1" - -
::1 - - [03/Nov/2023:10:34:03 +0000] "GET /movie/edit/1 HTTP/1.1" - -
::1 - - [03/Nov/2023:10:58:11 +0000] "GET / HTTP/1.1" - -
::1 - - [03/Nov/2023:10:58:11 +0000] "GET /movie HTTP/1.1" - -
::1 - - [03/Nov/2023:10:58:11 +0000] "GET /favicon.ico HTTP/1.1" - -
::1 - - [03/Nov/2023:10:58:13 +0000] "GET /movie/edit/1 HTTP/1.1" - -
::1 - - [03/Nov/2023:10:59:30 +0000] "GET / HTTP/1.1" - -
::1 - - [03/Nov/2023:10:59:30 +0000] "GET /movie HTTP/1.1" - -
::1 - - [03/Nov/2023:10:59:30 +0000] "GET /favicon.ico HTTP/1.1" - -
::1 - - [03/Nov/2023:10:59:32 +0000] "GET /movie/form HTTP/1.1" - -
::1 - - [03/Nov/2023:10:59:32 +0000] "GET /movie/style.css HTTP/1.1" - -
::1 - - [03/Nov/2023:10:59:49 +0000] "GET /movie/form HTTP/1.1" - -
::1 - - [03/Nov/2023:10:59:49 +0000] "GET /movie/style.css HTTP/1.1" - -
::1 - - [03/Nov/2023:10:59:56 +0000] "GET /movie/form HTTP/1.1" - -
::1 - - [03/Nov/2023:10:59:56 +0000] "GET /movie/style.css HTTP/1.1" - -
::1 - - [03/Nov/2023:11:00:01 +0000] "POST /movie/save HTTP/1.1" - -
::1 - - [03/Nov/2023:11:00:01 +0000] "GET /movie HTTP/1.1" - -
::1 - - [03/Nov/2023:11:00:04 +0000] "GET /movie/edit/1 HTTP/1.1" - -
::1 - - [03/Nov/2023:11:02:34 +0000] "GET / HTTP/1.1" - -
::1 - - [03/Nov/2023:11:02:34 +0000] "GET /movie HTTP/1.1" - -
::1 - - [03/Nov/2023:11:02:35 +0000] "GET /favicon.ico HTTP/1.1" - -
::1 - - [03/Nov/2023:11:02:38 +0000] "GET /movie/edit/1 HTTP/1.1" - -
::1 - - [03/Nov/2023:11:03:10 +0000] "GET / HTTP/1.1" - -
::1 - - [03/Nov/2023:11:03:10 +0000] "GET /movie HTTP/1.1" - -
::1 - - [03/Nov/2023:11:03:13 +0000] "GET /movie/form/1 HTTP/1.1" - -
::1 - - [03/Nov/2023:11:06:53 +0000] "GET / HTTP/1.1" - -
::1 - - [03/Nov/2023:11:06:53 +0000] "GET /movie HTTP/1.1" - -
::1 - - [03/Nov/2023:11:06:55 +0000] "GET /movie/form/1 HTTP/1.1" - -
::1 - - [03/Nov/2023:11:29:17 +0000] "GET / HTTP/1.1" - -
::1 - - [03/Nov/2023:11:29:17 +0000] "GET /movie HTTP/1.1" - -
::1 - - [03/Nov/2023:11:29:19 +0000] "GET /movie/form/1 HTTP/1.1" - -
::1 - - [03/Nov/2023:11:29:19 +0000] "GET /movie/form/style.css HTTP/1.1" - -
::1 - - [03/Nov/2023:11:29:25 +0000] "POST /movie/save HTTP/1.1" - -
::1 - - [03/Nov/2023:11:29:25 +0000] "GET /movie HTTP/1.1" - -
::1 - - [03/Nov/2023:11:29:29 +0000] "GET /movie/form/1 HTTP/1.1" - -
::1 - - [03/Nov/2023:11:29:29 +0000] "GET /movie/form/style.css HTTP/1.1" - -
::1 - - [03/Nov/2023:11:29:33 +0000] "POST /movie/save HTTP/1.1" - -
::1 - - [03/Nov/2023:11:29:33 +0000] "GET /movie HTTP/1.1" - -
::1 - - [03/Nov/2023:11:29:38 +0000] "GET /movie/form HTTP/1.1" - -
::1 - - [03/Nov/2023:11:29:38 +0000] "GET /movie/style.css HTTP/1.1" - -
::1 - - [03/Nov/2023:11:29:41 +0000] "POST /movie/save HTTP/1.1" - -
::1 - - [03/Nov/2023:11:29:41 +0000] "GET /movie HTTP/1.1" - -
::1 - - [03/Nov/2023:12:01:34 +0000] "GET / HTTP/1.1" - -
::1 - - [03/Nov/2023:12:01:34 +0000] "GET /movie HTTP/1.1" - -
::1 - - [03/Nov/2023:12:01:36 +0000] "GET /movie/form/1 HTTP/1.1" - -
::1 - - [03/Nov/2023:12:01:36 +0000] "GET /movie/form/style.css HTTP/1.1" - -
::1 - - [03/Nov/2023:12:01:46 +0000] "GET /movie/form HTTP/1.1" - -
::1 - - [03/Nov/2023:12:01:46 +0000] "GET /movie/style.css HTTP/1.1" - -
::1 - - [03/Nov/2023:12:02:36 +0000] "GET / HTTP/1.1" - -
::1 - - [03/Nov/2023:12:02:36 +0000] "GET /movie HTTP/1.1" - -
::1 - - [03/Nov/2023:12:02:38 +0000] "GET /movie/form/2 HTTP/1.1" - -
::1 - - [03/Nov/2023:12:02:38 +0000] "GET /movie/form/style.css HTTP/1.1" - -
::1 - - [03/Nov/2023:12:53:59 +0000] "GET / HTTP/1.1" - -
::1 - - [03/Nov/2023:12:53:59 +0000] "GET /movie HTTP/1.1" - -
::1 - - [03/Nov/2023:12:54:01 +0000] "GET /movie/form/1 HTTP/1.1" - -
::1 - - [03/Nov/2023:12:54:01 +0000] "GET /movie/form/style.css HTTP/1.1" - -
::1 - - [03/Nov/2023:12:55:33 +0000] "GET / HTTP/1.1" - -
::1 - - [03/Nov/2023:12:55:33 +0000] "GET /movie HTTP/1.1" - -
::1 - - [03/Nov/2023:12:55:37 +0000] "GET /movie/form/1 HTTP/1.1" - -
::1 - - [03/Nov/2023:12:55:37 +0000] "GET /movie/form/style.css HTTP/1.1" - -
::1 - - [03/Nov/2023:12:57:22 +0000] "GET / HTTP/1.1" - -
::1 - - [03/Nov/2023:12:57:22 +0000] "GET /movie HTTP/1.1" - -
::1 - - [03/Nov/2023:12:57:24 +0000] "GET /movie/form/3 HTTP/1.1" - -
::1 - - [03/Nov/2023:12:57:24 +0000] "GET /movie/form/style.css HTTP/1.1" - -
::1 - - [03/Nov/2023:12:58:43 +0000] "GET / HTTP/1.1" - -
::1 - - [03/Nov/2023:12:58:43 +0000] "GET /movie HTTP/1.1" - -
::1 - - [03/Nov/2023:12:58:45 +0000] "GET /movie/form/4 HTTP/1.1" - -
::1 - - [03/Nov/2023:12:58:45 +0000] "GET /movie/form/style.css HTTP/1.1" - -
::1 - - [03/Nov/2023:13:04:30 +0000] "GET / HTTP/1.1" - -
::1 - - [03/Nov/2023:13:04:30 +0000] "GET /movie HTTP/1.1" - -
::1 - - [03/Nov/2023:13:04:36 +0000] "GET /movie/form/5 HTTP/1.1" - -
::1 - - [03/Nov/2023:13:04:36 +0000] "GET /movie/form/style.css HTTP/1.1" - -
::1 - - [03/Nov/2023:13:31:22 +0000] "GET / HTTP/1.1" - -
::1 - - [03/Nov/2023:13:31:22 +0000] "GET /movie HTTP/1.1" - -
::1 - - [03/Nov/2023:13:31:28 +0000] "GET /movie/form/1 HTTP/1.1" - -
::1 - - [03/Nov/2023:13:31:28 +0000] "GET /movie/form/style.css HTTP/1.1" - -
::1 - - [03/Nov/2023:13:34:32 +0000] "GET / HTTP/1.1" - -
::1 - - [03/Nov/2023:13:34:32 +0000] "GET /movie HTTP/1.1" - -
::1 - - [03/Nov/2023:13:34:36 +0000] "GET /movie/form/5 HTTP/1.1" - -
::1 - - [03/Nov/2023:13:34:36 +0000] "GET /movie/form/style.css HTTP/1.1" - -
::1 - - [03/Nov/2023:13:35:41 +0000] "GET / HTTP/1.1" - -
::1 - - [03/Nov/2023:13:35:41 +0000] "GET /movie HTTP/1.1" - -
::1 - - [03/Nov/2023:13:35:46 +0000] "GET /movie/form/5 HTTP/1.1" - -
::1 - - [03/Nov/2023:13:35:46 +0000] "GET /movie/form/style.css HTTP/1.1" - -
::1 - - [03/Nov/2023:13:44:00 +0000] "GET / HTTP/1.1" - -
::1 - - [03/Nov/2023:13:44:00 +0000] "GET /movie HTTP/1.1" - -
::1 - - [03/Nov/2023:13:44:01 +0000] "GET /movie/form/5 HTTP/1.1" - -
::1 - - [03/Nov/2023:13:44:01 +0000] "GET /movie/form/style.css HTTP/1.1" - -
::1 - - [03/Nov/2023:13:47:04 +0000] "GET / HTTP/1.1" - -
::1 - - [03/Nov/2023:13:47:04 +0000] "GET /movie HTTP/1.1" - -
::1 - - [03/Nov/2023:13:47:08 +0000] "GET /movie/form/5 HTTP/1.1" - -
::1 - - [03/Nov/2023:13:47:08 +0000] "GET /movie/form/style.css HTTP/1.1" - -
::1 - - [03/Nov/2023:14:10:45 +0000] "GET / HTTP/1.1" - -
::1 - - [03/Nov/2023:14:10:45 +0000] "GET /movie HTTP/1.1" - -
::1 - - [03/Nov/2023:14:10:47 +0000] "GET /movie/form/1 HTTP/1.1" - -
::1 - - [03/Nov/2023:14:10:47 +0000] "GET /movie/form/style.css HTTP/1.1" - -
::1 - - [03/Nov/2023:14:12:06 +0000] "GET / HTTP/1.1" - -
::1 - - [03/Nov/2023:14:12:06 +0000] "GET /movie HTTP/1.1" - -
::1 - - [03/Nov/2023:14:12:09 +0000] "GET /movie/form/5 HTTP/1.1" - -
::1 - - [03/Nov/2023:14:12:09 +0000] "GET /movie/form/style.css HTTP/1.1" - -
::1 - - [03/Nov/2023:14:13:25 +0000] "GET / HTTP/1.1" - -
::1 - - [03/Nov/2023:14:13:25 +0000] "GET /movie HTTP/1.1" - -
::1 - - [03/Nov/2023:14:13:27 +0000] "GET /movie/form/1 HTTP/1.1" - -
::1 - - [03/Nov/2023:14:13:27 +0000] "GET /movie/form/style.css HTTP/1.1" - -
::1 - - [03/Nov/2023:14:18:57 +0000] "GET / HTTP/1.1" - -
::1 - - [03/Nov/2023:14:18:57 +0000] "GET /movie HTTP/1.1" - -
::1 - - [03/Nov/2023:14:18:59 +0000] "GET /movie/form/5 HTTP/1.1" - -
::1 - - [03/Nov/2023:14:18:59 +0000] "GET /movie/form/style.css HTTP/1.1" - -
::1 - - [03/Nov/2023:14:21:33 +0000] "GET / HTTP/1.1" - -
::1 - - [03/Nov/2023:14:21:33 +0000] "GET /movie HTTP/1.1" - -
::1 - - [03/Nov/2023:14:21:35 +0000] "GET /movie/form/1 HTTP/1.1" - -
::1 - - [03/Nov/2023:14:21:35 +0000] "GET /movie/form/style.css HTTP/1.1" - -
::1 - - [03/Nov/2023:14:22:19 +0000] "GET / HTTP/1.1" - -
::1 - - [03/Nov/2023:14:22:19 +0000] "GET /movie HTTP/1.1" - -
::1 - - [03/Nov/2023:14:22:21 +0000] "GET /movie/form/5 HTTP/1.1" - -
::1 - - [03/Nov/2023:14:22:21 +0000] "GET /movie/form/style.css HTTP/1.1" - -
::1 - - [03/Nov/2023:14:23:24 +0000] "GET / HTTP/1.1" - -
::1 - - [03/Nov/2023:14:23:24 +0000] "GET /movie HTTP/1.1" - -
::1 - - [03/Nov/2023:14:23:26 +0000] "GET /movie/form/5 HTTP/1.1" - -
::1 - - [03/Nov/2023:14:23:26 +0000] "GET /movie/form/style.css HTTP/1.1" - -
::1 - - [03/Nov/2023:14:24:37 +0000] "GET / HTTP/1.1" - -
::1 - - [03/Nov/2023:14:24:37 +0000] "GET /movie HTTP/1.1" - -
::1 - - [03/Nov/2023:14:24:39 +0000] "GET /movie/form/1 HTTP/1.1" - -
::1 - - [03/Nov/2023:19:10:53 +0000] "GET / HTTP/1.1" - -
::1 - - [03/Nov/2023:19:10:53 +0000] "GET /movie HTTP/1.1" - -
::1 - - [03/Nov/2023:19:10:53 +0000] "GET /favicon.ico HTTP/1.1" - -
::1 - - [03/Nov/2023:19:10:55 +0000] "GET /movie/form/1 HTTP/1.1" - -
::1 - - [03/Nov/2023:19:13:04 +0000] "GET /movie/form/style.css HTTP/1.1" - -
::1 - - [03/Nov/2023:19:15:43 +0000] "GET / HTTP/1.1" - -
::1 - - [03/Nov/2023:19:15:43 +0000] "GET /movie HTTP/1.1" - -
::1 - - [03/Nov/2023:19:15:47 +0000] "GET /movie/form/1 HTTP/1.1" - -
::1 - - [03/Nov/2023:19:15:51 +0000] "GET /movie/form/style.css HTTP/1.1" - -
::1 - - [03/Nov/2023:19:34:56 +0000] "GET / HTTP/1.1" - -
::1 - - [03/Nov/2023:19:34:56 +0000] "GET /movie HTTP/1.1" - -
::1 - - [03/Nov/2023:19:35:01 +0000] "GET /movie/delete/5 HTTP/1.1" - -
::1 - - [03/Nov/2023:19:35:01 +0000] "GET /movie HTTP/1.1" - -
::1 - - [03/Nov/2023:19:35:04 +0000] "GET /movie/form/4 HTTP/1.1" - -
::1 - - [03/Nov/2023:19:39:25 +0000] "GET /movie/form/style.css HTTP/1.1" - -
::1 - - [03/Nov/2023:19:41:14 +0000] "GET / HTTP/1.1" - -
::1 - - [03/Nov/2023:19:41:14 +0000] "GET /movie HTTP/1.1" - -
::1 - - [03/Nov/2023:19:41:19 +0000] "GET /movie/form/1 HTTP/1.1" - -
::1 - - [03/Nov/2023:19:43:27 +0000] "GET /movie/form/style.css HTTP/1.1" - -
::1 - - [03/Nov/2023:19:47:32 +0000] "GET / HTTP/1.1" - -
::1 - - [03/Nov/2023:19:47:32 +0000] "GET /movie HTTP/1.1" - -
::1 - - [03/Nov/2023:19:47:36 +0000] "GET /movie/form/1 HTTP/1.1" - -
::1 - - [03/Nov/2023:19:49:44 +0000] "GET /movie/form/style.css HTTP/1.1" - -
::1 - - [03/Nov/2023:19:51:19 +0000] "GET / HTTP/1.1" - -
::1 - - [03/Nov/2023:19:51:19 +0000] "GET /movie HTTP/1.1" - -
::1 - - [03/Nov/2023:19:51:22 +0000] "GET /movie/form/1 HTTP/1.1" - -
::1 - - [03/Nov/2023:19:52:08 +0000] "GET /movie/form/style.css HTTP/1.1" - -
::1 - - [03/Nov/2023:19:55:04 +0000] "GET / HTTP/1.1" - -
::1 - - [03/Nov/2023:19:55:04 +0000] "GET /movie/form/style.css HTTP/1.1" - -
::1 - - [04/Nov/2023:10:42:22 +0000] "GET / HTTP/1.1" - -
::1 - - [04/Nov/2023:10:42:22 +0000] "GET /movie HTTP/1.1" - -
::1 - - [04/Nov/2023:10:42:22 +0000] "GET /favicon.ico HTTP/1.1" - -
::1 - - [04/Nov/2023:10:42:25 +0000] "GET /movie/form/3 HTTP/1.1" - -
::1 - - [04/Nov/2023:10:43:14 +0000] "GET /movie/form/style.css HTTP/1.1" - -
::1 - - [04/Nov/2023:10:44:27 +0000] "GET / HTTP/1.1" - -
::1 - - [04/Nov/2023:10:44:27 +0000] "GET /movie HTTP/1.1" - -
::1 - - [04/Nov/2023:10:44:31 +0000] "GET /movie/form/5 HTTP/1.1" - -
::1 - - [04/Nov/2023:10:45:55 +0000] "GET /movie/form/style.css HTTP/1.1" - -
::1 - - [04/Nov/2023:10:47:21 +0000] "GET / HTTP/1.1" - -
::1 - - [04/Nov/2023:10:47:21 +0000] "GET /movie HTTP/1.1" - -
::1 - - [04/Nov/2023:10:47:26 +0000] "GET /movie/form/5 HTTP/1.1" - -
::1 - - [04/Nov/2023:10:48:00 +0000] "GET / HTTP/1.1" - -
::1 - - [04/Nov/2023:10:48:00 +0000] "GET /movie HTTP/1.1" - -
::1 - - [04/Nov/2023:10:48:02 +0000] "GET /movie/form/1 HTTP/1.1" - -
::1 - - [04/Nov/2023:11:26:50 +0000] "GET / HTTP/1.1" - -
::1 - - [04/Nov/2023:11:26:50 +0000] "GET /movie HTTP/1.1" - -
::1 - - [04/Nov/2023:11:26:55 +0000] "GET /movie/form/1 HTTP/1.1" - -
::1 - - [04/Nov/2023:11:26:55 +0000] "GET /movie/form/style.css HTTP/1.1" - -
::1 - - [04/Nov/2023:12:33:40 +0000] "GET / HTTP/1.1" - -
::1 - - [04/Nov/2023:12:33:40 +0000] "GET /movie HTTP/1.1" - -
::1 - - [04/Nov/2023:12:33:43 +0000] "GET /movie/form/1 HTTP/1.1" - -
::1 - - [04/Nov/2023:12:43:33 +0000] "GET / HTTP/1.1" - -
::1 - - [04/Nov/2023:12:43:33 +0000] "GET /movie HTTP/1.1" - -
::1 - - [04/Nov/2023:12:43:34 +0000] "GET /movie/form/5 HTTP/1.1" - -
::1 - - [04/Nov/2023:12:47:13 +0000] "GET / HTTP/1.1" - -
::1 - - [04/Nov/2023:12:47:13 +0000] "GET /movie HTTP/1.1" - -
::1 - - [04/Nov/2023:12:47:17 +0000] "GET /movie/form/1 HTTP/1.1" - -
::1 - - [04/Nov/2023:12:49:39 +0000] "GET /movie/form/style.css HTTP/1.1" - -
::1 - - [04/Nov/2023:12:54:33 +0000] "GET / HTTP/1.1" - -
::1 - - [04/Nov/2023:12:54:33 +0000] "GET /movie HTTP/1.1" - -
::1 - - [04/Nov/2023:12:54:35 +0000] "GET /movie/form/1 HTTP/1.1" - -
::1 - - [04/Nov/2023:12:55:01 +0000] "GET /movie/form/style.css HTTP/1.1" - -
::1 - - [04/Nov/2023:12:56:10 +0000] "GET / HTTP/1.1" - -
::1 - - [04/Nov/2023:12:56:10 +0000] "GET /movie HTTP/1.1" - -
::1 - - [04/Nov/2023:12:56:11 +0000] "GET /movie/form/1 HTTP/1.1" - -
::1 - - [04/Nov/2023:12:56:15 +0000] "GET /movie/form/style.css HTTP/1.1" - -
::1 - - [04/Nov/2023:12:57:20 +0000] "GET / HTTP/1.1" - -
::1 - - [04/Nov/2023:12:57:20 +0000] "GET /movie HTTP/1.1" - -
::1 - - [04/Nov/2023:12:57:20 +0000] "GET /favicon.ico HTTP/1.1" - -
::1 - - [04/Nov/2023:12:57:21 +0000] "GET /movie/form/5 HTTP/1.1" - -
::1 - - [04/Nov/2023:12:58:15 +0000] "GET /movie/form/style.css HTTP/1.1" - -
::1 - - [04/Nov/2023:12:59:20 +0000] "GET / HTTP/1.1" - -
::1 - - [04/Nov/2023:12:59:20 +0000] "GET /movie HTTP/1.1" - -
::1 - - [04/Nov/2023:12:59:30 +0000] "GET /movie/delete/1 HTTP/1.1" - -
::1 - - [04/Nov/2023:12:59:30 +0000] "GET /movie HTTP/1.1" - -
::1 - - [04/Nov/2023:12:59:34 +0000] "GET /movie/delete/2 HTTP/1.1" - -
::1 - - [04/Nov/2023:12:59:34 +0000] "GET /movie HTTP/1.1" - -
::1 - - [04/Nov/2023:12:59:34 +0000] "GET /movie/delete/3 HTTP/1.1" - -
::1 - - [04/Nov/2023:12:59:34 +0000] "GET /movie HTTP/1.1" - -
::1 - - [04/Nov/2023:12:59:34 +0000] "GET /movie/delete/4 HTTP/1.1" - -
::1 - - [04/Nov/2023:12:59:34 +0000] "GET /movie HTTP/1.1" - -
::1 - - [04/Nov/2023:12:59:36 +0000] "GET /movie/form/5 HTTP/1.1" - -
::1 - - [04/Nov/2023:13:04:54 +0000] "GET /movie/form/style.css HTTP/1.1" - -
::1 - - [04/Nov/2023:13:09:04 +0000] "GET / HTTP/1.1" - -
::1 - - [04/Nov/2023:13:09:04 +0000] "GET /movie HTTP/1.1" - -
::1 - - [04/Nov/2023:13:09:07 +0000] "GET /movie/form/5 HTTP/1.1" - -
::1 - - [04/Nov/2023:13:12:38 +0000] "GET / HTTP/1.1" - -
::1 - - [04/Nov/2023:13:12:38 +0000] "GET /movie HTTP/1.1" - -
::1 - - [04/Nov/2023:13:12:40 +0000] "GET /movie/form/1 HTTP/1.1" - -
::1 - - [04/Nov/2023:13:27:14 +0000] "GET / HTTP/1.1" - -
::1 - - [04/Nov/2023:13:27:14 +0000] "GET /movie HTTP/1.1" - -
::1 - - [04/Nov/2023:13:27:16 +0000] "GET /movie/form/1 HTTP/1.1" - -
::1 - - [04/Nov/2023:13:28:03 +0000] "GET / HTTP/1.1" - -
::1 - - [04/Nov/2023:13:28:03 +0000] "GET /movie HTTP/1.1" - -
::1 - - [04/Nov/2023:13:28:05 +0000] "GET /movie/form/1 HTTP/1.1" - -
::1 - - [04/Nov/2023:13:28:05 +0000] "GET /movie/form/style.css HTTP/1.1" - -
::1 - - [04/Nov/2023:13:29:49 +0000] "GET / HTTP/1.1" - -
::1 - - [04/Nov/2023:13:29:49 +0000] "GET /movie HTTP/1.1" - -
::1 - - [04/Nov/2023:13:29:51 +0000] "GET /movie/form/1 HTTP/1.1" - -
::1 - - [04/Nov/2023:13:30:18 +0000] "GET /movie/form/style.css HTTP/1.1" - -
::1 - - [04/Nov/2023:13:31:52 +0000] "GET / HTTP/1.1" - -
::1 - - [04/Nov/2023:13:31:52 +0000] "GET /movie HTTP/1.1" - -
::1 - - [04/Nov/2023:13:31:54 +0000] "GET /movie/form/1 HTTP/1.1" - -
::1 - - [04/Nov/2023:13:31:54 +0000] "GET /movie/form/style.css HTTP/1.1" - -
::1 - - [04/Nov/2023:13:37:38 +0000] "GET / HTTP/1.1" - -
::1 - - [04/Nov/2023:13:37:38 +0000] "GET /movie HTTP/1.1" - -
::1 - - [04/Nov/2023:13:37:40 +0000] "GET /movie/form/1 HTTP/1.1" - -
::1 - - [04/Nov/2023:13:37:40 +0000] "GET /movie/form/style.css HTTP/1.1" - -
::1 - - [06/Nov/2023:18:48:44 +0000] "GET / HTTP/1.1" - -
::1 - - [06/Nov/2023:18:48:44 +0000] "GET /movie HTTP/1.1" - -
::1 - - [06/Nov/2023:18:48:47 +0000] "GET /movie/form/5 HTTP/1.1" - -
::1 - - [06/Nov/2023:18:48:47 +0000] "GET /movie/form/style.css HTTP/1.1" - -
::1 - - [06/Nov/2023:18:58:19 +0000] "GET / HTTP/1.1" - -
::1 - - [06/Nov/2023:18:58:19 +0000] "GET /movie HTTP/1.1" - -
::1 - - [06/Nov/2023:18:58:43 +0000] "GET /movie/form/1 HTTP/1.1" - -
::1 - - [06/Nov/2023:18:59:09 +0000] "GET /movie/form/style.css HTTP/1.1" - -
::1 - - [06/Nov/2023:19:01:38 +0000] "GET / HTTP/1.1" - -
::1 - - [06/Nov/2023:19:01:38 +0000] "GET /movie HTTP/1.1" - -
::1 - - [06/Nov/2023:19:01:40 +0000] "GET /movie/form HTTP/1.1" - -
::1 - - [06/Nov/2023:19:02:04 +0000] "GET /movie/style.css HTTP/1.1" - -
::1 - - [06/Nov/2023:19:02:14 +0000] "POST /movie/save HTTP/1.1" - -
::1 - - [06/Nov/2023:19:03:05 +0000] "GET /movie HTTP/1.1" - -
::1 - - [06/Nov/2023:19:05:21 +0000] "GET / HTTP/1.1" - -
::1 - - [06/Nov/2023:19:05:21 +0000] "GET /movie HTTP/1.1" - -
::1 - - [06/Nov/2023:19:05:23 +0000] "GET /movie/form HTTP/1.1" - -
::1 - - [06/Nov/2023:19:05:32 +0000] "GET /movie/style.css HTTP/1.1" - -
::1 - - [06/Nov/2023:19:05:42 +0000] "POST /movie/save HTTP/1.1" - -
::1 - - [06/Nov/2023:19:05:51 +0000] "GET /movie HTTP/1.1" - -
::1 - - [06/Nov/2023:19:11:43 +0000] "GET / HTTP/1.1" - -
::1 - - [06/Nov/2023:19:11:43 +0000] "GET /movie HTTP/1.1" - -
::1 - - [06/Nov/2023:19:11:46 +0000] "GET /movie/form HTTP/1.1" - -
::1 - - [06/Nov/2023:19:11:49 +0000] "GET /movie/style.css HTTP/1.1" - -
::1 - - [06/Nov/2023:19:11:55 +0000] "POST /movie/save HTTP/1.1" - -
::1 - - [06/Nov/2023:19:11:57 +0000] "GET /movie HTTP/1.1" - -
::1 - - [07/Nov/2023:09:09:02 +0000] "GET / HTTP/1.1" - -
::1 - - [07/Nov/2023:09:09:02 +0000] "GET /movie HTTP/1.1" - -
::1 - - [07/Nov/2023:09:09:05 +0000] "GET /movie/form/5 HTTP/1.1" - -
::1 - - [07/Nov/2023:09:11:19 +0000] "GET /movie/form/style.css HTTP/1.1" - -
::1 - - [07/Nov/2023:09:11:56 +0000] "GET / HTTP/1.1" - -
::1 - - [07/Nov/2023:09:11:56 +0000] "GET /movie HTTP/1.1" - -
::1 - - [07/Nov/2023:09:11:59 +0000] "GET /movie/form/1 HTTP/1.1" - -
::1 - - [07/Nov/2023:09:14:24 +0000] "GET /movie/form/style.css HTTP/1.1" - -
::1 - - [07/Nov/2023:09:15:05 +0000] "GET / HTTP/1.1" - -
::1 - - [07/Nov/2023:09:15:05 +0000] "GET /movie HTTP/1.1" - -
::1 - - [07/Nov/2023:09:15:08 +0000] "GET /movie/form/1 HTTP/1.1" - -
::1 - - [07/Nov/2023:09:15:35 +0000] "GET /movie/form/style.css HTTP/1.1" - -
::1 - - [07/Nov/2023:09:16:15 +0000] "GET / HTTP/1.1" - -
::1 - - [07/Nov/2023:09:16:15 +0000] "GET /movie HTTP/1.1" - -
::1 - - [07/Nov/2023:09:16:17 +0000] "GET /movie/form/1 HTTP/1.1" - -
::1 - - [07/Nov/2023:09:17:11 +0000] "GET / HTTP/1.1" - -
::1 - - [07/Nov/2023:09:17:11 +0000] "GET /movie HTTP/1.1" - -
::1 - - [07/Nov/2023:09:17:12 +0000] "GET /movie/form/1 HTTP/1.1" - -
::1 - - [07/Nov/2023:09:17:29 +0000] "GET /movie/form/style.css HTTP/1.1" - -
::1 - - [07/Nov/2023:09:24:34 +0000] "GET / HTTP/1.1" - -
::1 - - [07/Nov/2023:09:24:34 +0000] "GET /movie HTTP/1.1" - -
::1 - - [07/Nov/2023:09:24:36 +0000] "GET /movie/form/1 HTTP/1.1" - -
::1 - - [07/Nov/2023:09:24:45 +0000] "GET /movie/form/style.css HTTP/1.1" - -
::1 - - [07/Nov/2023:09:25:12 +0000] "GET / HTTP/1.1" - -
::1 - - [07/Nov/2023:09:25:12 +0000] "GET /movie HTTP/1.1" - -
::1 - - [07/Nov/2023:09:25:14 +0000] "GET /movie/form/1 HTTP/1.1" - -
::1 - - [07/Nov/2023:09:25:37 +0000] "GET /movie/form/style.css HTTP/1.1" - -
::1 - - [07/Nov/2023:09:25:59 +0000] "GET / HTTP/1.1" - -
::1 - - [07/Nov/2023:09:25:59 +0000] "GET /movie HTTP/1.1" - -
::1 - - [07/Nov/2023:09:26:00 +0000] "GET /movie/form/1 HTTP/1.1" - -
::1 - - [07/Nov/2023:09:27:33 +0000] "GET /movie/form/style.css HTTP/1.1" - -
::1 - - [07/Nov/2023:09:28:15 +0000] "GET / HTTP/1.1" - -
::1 - - [07/Nov/2023:09:28:15 +0000] "GET /movie HTTP/1.1" - -
::1 - - [07/Nov/2023:09:28:17 +0000] "GET /movie/form/1 HTTP/1.1" - -
::1 - - [07/Nov/2023:09:28:29 +0000] "GET /movie/form/style.css HTTP/1.1" - -
::1 - - [07/Nov/2023:09:29:16 +0000] "GET / HTTP/1.1" - -
::1 - - [07/Nov/2023:09:29:16 +0000] "GET /movie HTTP/1.1" - -
::1 - - [07/Nov/2023:09:29:40 +0000] "GET / HTTP/1.1" - -
::1 - - [07/Nov/2023:09:29:40 +0000] "GET /movie HTTP/1.1" - -
::1 - - [07/Nov/2023:09:29:41 +0000] "GET /movie/form/1 HTTP/1.1" - -
::1 - - [07/Nov/2023:09:30:30 +0000] "GET /movie/form/style.css HTTP/1.1" - -
::1 - - [07/Nov/2023:09:33:43 +0000] "GET / HTTP/1.1" - -
::1 - - [07/Nov/2023:09:33:43 +0000] "GET /movie HTTP/1.1" - -
::1 - - [07/Nov/2023:09:33:45 +0000] "GET /movie/form/1 HTTP/1.1" - -
::1 - - [07/Nov/2023:09:33:48 +0000] "GET /movie/form/style.css HTTP/1.1" - -
::1 - - [07/Nov/2023:09:34:37 +0000] "GET / HTTP/1.1" - -
::1 - - [07/Nov/2023:09:34:37 +0000] "GET /movie HTTP/1.1" - -
::1 - - [07/Nov/2023:09:34:39 +0000] "GET /movie/form/2 HTTP/1.1" - -
::1 - - [07/Nov/2023:09:35:20 +0000] "GET /movie/form/style.css HTTP/1.1" - -
::1 - - [07/Nov/2023:09:45:42 +0000] "GET / HTTP/1.1" - -
::1 - - [07/Nov/2023:09:45:42 +0000] "GET /movie HTTP/1.1" - -
::1 - - [07/Nov/2023:09:45:53 +0000] "GET /movie/form/1 HTTP/1.1" - -
::1 - - [07/Nov/2023:09:46:55 +0000] "GET /movie/form/style.css HTTP/1.1" - -
::1 - - [07/Nov/2023:09:49:37 +0000] "GET / HTTP/1.1" - -
::1 - - [07/Nov/2023:09:49:37 +0000] "GET /movie HTTP/1.1" - -
::1 - - [07/Nov/2023:09:49:40 +0000] "GET /movie/form/2 HTTP/1.1" - -
::1 - - [07/Nov/2023:09:50:15 +0000] "GET /movie/form/style.css HTTP/1.1" - -
::1 - - [07/Nov/2023:09:52:21 +0000] "GET / HTTP/1.1" - -
::1 - - [07/Nov/2023:09:52:21 +0000] "GET /movie HTTP/1.1" - -
::1 - - [07/Nov/2023:09:52:38 +0000] "GET /movie/form/2 HTTP/1.1" - -
::1 - - [07/Nov/2023:09:53:05 +0000] "GET /movie/form/style.css HTTP/1.1" - -
::1 - - [07/Nov/2023:09:54:20 +0000] "GET / HTTP/1.1" - -
::1 - - [07/Nov/2023:09:54:20 +0000] "GET /movie HTTP/1.1" - -
::1 - - [07/Nov/2023:09:54:22 +0000] "GET /movie/form/1 HTTP/1.1" - -
::1 - - [07/Nov/2023:09:55:34 +0000] "GET / HTTP/1.1" - -
::1 - - [07/Nov/2023:09:55:34 +0000] "GET /movie HTTP/1.1" - -
::1 - - [07/Nov/2023:09:55:37 +0000] "GET /movie/form/1 HTTP/1.1" - -
::1 - - [07/Nov/2023:09:55:39 +0000] "POST /movie/save HTTP/1.1" - -
::1 - - [07/Nov/2023:09:55:39 +0000] "GET /movie HTTP/1.1" - -
::1 - - [07/Nov/2023:09:55:42 +0000] "GET /movie/form/1 HTTP/1.1" - -
::1 - - [07/Nov/2023:09:55:47 +0000] "POST /movie/save HTTP/1.1" - -
::1 - - [07/Nov/2023:09:55:47 +0000] "GET /movie HTTP/1.1" - -
::1 - - [07/Nov/2023:09:55:50 +0000] "GET /movie/form HTTP/1.1" - -
::1 - - [07/Nov/2023:09:55:56 +0000] "POST /movie/save HTTP/1.1" - -
::1 - - [07/Nov/2023:09:55:56 +0000] "GET /movie HTTP/1.1" - -
::1 - - [07/Nov/2023:09:56:01 +0000] "GET /movie/form HTTP/1.1" - -
::1 - - [07/Nov/2023:09:56:05 +0000] "POST /movie/save HTTP/1.1" - -
::1 - - [07/Nov/2023:09:56:05 +0000] "GET /movie HTTP/1.1" - -
::1 - - [07/Nov/2023:09:57:33 +0000] "GET / HTTP/1.1" - -
::1 - - [07/Nov/2023:09:57:33 +0000] "GET /movie HTTP/1.1" - -
::1 - - [07/Nov/2023:09:57:35 +0000] "GET /movie/form HTTP/1.1" - -
::1 - - [07/Nov/2023:09:57:39 +0000] "POST /movie/save HTTP/1.1" - -
::1 - - [07/Nov/2023:09:57:39 +0000] "GET /movie HTTP/1.1" - -
::1 - - [07/Nov/2023:09:57:42 +0000] "GET /movie/form HTTP/1.1" - -
::1 - - [07/Nov/2023:09:57:45 +0000] "POST /movie/save HTTP/1.1" - -
::1 - - [07/Nov/2023:09:57:45 +0000] "GET /movie HTTP/1.1" - -
::1 - - [07/Nov/2023:09:57:48 +0000] "GET /movie/form/1 HTTP/1.1" - -
::1 - - [07/Nov/2023:09:57:52 +0000] "POST /movie/save HTTP/1.1" - -
::1 - - [07/Nov/2023:09:57:52 +0000] "GET /movie HTTP/1.1" - -
::1 - - [07/Nov/2023:09:57:54 +0000] "GET /movie/form HTTP/1.1" - -
::1 - - [07/Nov/2023:09:57:57 +0000] "POST /movie/save HTTP/1.1" - -
::1 - - [07/Nov/2023:09:57:57 +0000] "GET /movie HTTP/1.1" - -
::1 - - [07/Nov/2023:09:59:25 +0000] "GET / HTTP/1.1" - -
::1 - - [07/Nov/2023:09:59:25 +0000] "GET /movie HTTP/1.1" - -
::1 - - [07/Nov/2023:09:59:27 +0000] "GET /movie/form HTTP/1.1" - -
::1 - - [07/Nov/2023:09:59:33 +0000] "POST /movie/save HTTP/1.1" - -
::1 - - [07/Nov/2023:09:59:33 +0000] "GET /movie HTTP/1.1" - -
::1 - - [07/Nov/2023:09:59:34 +0000] "GET /movie/form HTTP/1.1" - -
::1 - - [07/Nov/2023:09:59:42 +0000] "POST /movie/save HTTP/1.1" - -
::1 - - [07/Nov/2023:09:59:42 +0000] "GET /movie HTTP/1.1" - -
::1 - - [07/Nov/2023:09:59:45 +0000] "GET /movie/form/7 HTTP/1.1" - -
::1 - - [07/Nov/2023:09:59:50 +0000] "POST /movie/save HTTP/1.1" - -
::1 - - [07/Nov/2023:09:59:50 +0000] "GET /movie HTTP/1.1" - -
::1 - - [07/Nov/2023:09:59:55 +0000] "GET /movie/form/7 HTTP/1.1" - -
::1 - - [07/Nov/2023:09:59:58 +0000] "POST /movie/save HTTP/1.1" - -
::1 - - [07/Nov/2023:09:59:58 +0000] "GET /movie HTTP/1.1" - -
::1 - - [07/Nov/2023:10:21:19 +0000] "GET / HTTP/1.1" - -
::1 - - [07/Nov/2023:10:21:19 +0000] "GET /movie HTTP/1.1" - -
::1 - - [07/Nov/2023:10:27:22 +0000] "GET / HTTP/1.1" - -
::1 - - [07/Nov/2023:10:27:22 +0000] "GET /movie HTTP/1.1" - -
::1 - - [07/Nov/2023:10:29:33 +0000] "GET / HTTP/1.1" - -
::1 - - [07/Nov/2023:10:29:33 +0000] "GET /movie HTTP/1.1" - -
::1 - - [07/Nov/2023:10:31:36 +0000] "GET / HTTP/1.1" - -
::1 - - [07/Nov/2023:10:31:36 +0000] "GET /movie HTTP/1.1" - -
::1 - - [07/Nov/2023:10:32:26 +0000] "GET / HTTP/1.1" - -
::1 - - [07/Nov/2023:10:32:26 +0000] "GET /movie HTTP/1.1" - -
::1 - - [07/Nov/2023:10:32:33 +0000] "GET /movie/delete/1 HTTP/1.1" - -
::1 - - [07/Nov/2023:10:32:33 +0000] "GET /movie HTTP/1.1" - -
::1 - - [07/Nov/2023:10:32:34 +0000] "GET /movie/delete/1 HTTP/1.1" - -
::1 - - [07/Nov/2023:10:32:34 +0000] "GET /movie HTTP/1.1" - -
::1 - - [07/Nov/2023:10:32:34 +0000] "GET /movie/form/1 HTTP/1.1" - -
::1 - - [07/Nov/2023:10:33:00 +0000] "GET / HTTP/1.1" - -
::1 - - [07/Nov/2023:10:33:00 +0000] "GET /movie HTTP/1.1" - -
::1 - - [07/Nov/2023:10:33:36 +0000] "GET / HTTP/1.1" - -
::1 - - [07/Nov/2023:10:33:36 +0000] "GET /movie HTTP/1.1" - -
::1 - - [07/Nov/2023:10:34:16 +0000] "GET / HTTP/1.1" - -
::1 - - [07/Nov/2023:10:34:16 +0000] "GET /movie HTTP/1.1" - -
::1 - - [07/Nov/2023:10:34:49 +0000] "GET / HTTP/1.1" - -
::1 - - [07/Nov/2023:10:34:49 +0000] "GET /movie HTTP/1.1" - -
::1 - - [07/Nov/2023:10:37:01 +0000] "GET / HTTP/1.1" - -
::1 - - [07/Nov/2023:10:37:01 +0000] "GET /movie HTTP/1.1" - -
::1 - - [07/Nov/2023:14:53:26 +0000] "GET / HTTP/1.1" - -
::1 - - [07/Nov/2023:14:53:26 +0000] "GET /movie HTTP/1.1" - -
::1 - - [07/Nov/2023:14:58:59 +0000] "GET / HTTP/1.1" - -
::1 - - [07/Nov/2023:14:58:59 +0000] "GET /movie HTTP/1.1" - -
::1 - - [07/Nov/2023:14:59:10 +0000] "GET /movie/form/1 HTTP/1.1" - -
::1 - - [07/Nov/2023:14:59:14 +0000] "POST /movie/save HTTP/1.1" - -
::1 - - [07/Nov/2023:14:59:14 +0000] "GET /movie HTTP/1.1" - -
::1 - - [07/Nov/2023:15:17:00 +0000] "GET / HTTP/1.1" - -
::1 - - [07/Nov/2023:15:17:00 +0000] "GET /movie HTTP/1.1" - -
::1 - - [07/Nov/2023:15:17:13 +0000] "GET /movie/form/1 HTTP/1.1" - -
::1 - - [07/Nov/2023:15:17:17 +0000] "POST /movie/save HTTP/1.1" - -
::1 - - [07/Nov/2023:15:17:17 +0000] "GET /movie HTTP/1.1" - -
::1 - - [07/Nov/2023:15:23:50 +0000] "GET / HTTP/1.1" - -
::1 - - [07/Nov/2023:15:23:50 +0000] "GET /movie HTTP/1.1" - -
::1 - - [07/Nov/2023:15:28:20 +0000] "GET / HTTP/1.1" - -
::1 - - [07/Nov/2023:15:28:20 +0000] "GET /movie HTTP/1.1" - -
::1 - - [07/Nov/2023:18:04:08 +0000] "GET / HTTP/1.1" - -
::1 - - [07/Nov/2023:18:04:08 +0000] "GET /movie HTTP/1.1" - -
::1 - - [07/Nov/2023:18:08:52 +0000] "GET / HTTP/1.1" - -
::1 - - [07/Nov/2023:18:08:52 +0000] "GET /movie HTTP/1.1" - -
::1 - - [07/Nov/2023:18:13:30 +0000] "GET / HTTP/1.1" - -
::1 - - [07/Nov/2023:18:13:30 +0000] "GET /movie HTTP/1.1" - -
::1 - - [07/Nov/2023:18:13:31 +0000] "GET /favicon.ico HTTP/1.1" - -
::1 - - [07/Nov/2023:18:16:36 +0000] "GET / HTTP/1.1" - -
::1 - - [07/Nov/2023:18:16:36 +0000] "GET /movie HTTP/1.1" - -
::1 - - [07/Nov/2023:18:16:41 +0000] "GET /movie/form HTTP/1.1" - -
::1 - - [07/Nov/2023:18:16:45 +0000] "POST /movie/save HTTP/1.1" - -
::1 - - [07/Nov/2023:18:16:45 +0000] "GET /movie HTTP/1.1" - -
::1 - - [07/Nov/2023:18:23:49 +0000] "GET / HTTP/1.1" - -
::1 - - [07/Nov/2023:18:23:49 +0000] "GET /movie HTTP/1.1" - -
::1 - - [07/Nov/2023:18:24:45 +0000] "GET /movie HTTP/1.1" - -
::1 - - [07/Nov/2023:18:28:11 +0000] "GET / HTTP/1.1" - -
::1 - - [07/Nov/2023:18:28:11 +0000] "GET /movie HTTP/1.1" - -
::1 - - [07/Nov/2023:18:28:24 +0000] "GET / HTTP/1.1" - -
::1 - - [07/Nov/2023:18:28:24 +0000] "GET /movie HTTP/1.1" - -
::1 - - [07/Nov/2023:18:28:35 +0000] "GET / HTTP/1.1" - -
::1 - - [07/Nov/2023:18:28:35 +0000] "GET /movie HTTP/1.1" - -
::1 - - [07/Nov/2023:18:34:03 +0000] "GET /media/cc0-images/grapefruit-slice-332-332.jpg HTTP/1.1" - -
::1 - - [07/Nov/2023:18:34:09 +0000] "GET /media/cc0-images/grapefruit-slice-332-332.jpg HTTP/1.1" - -
::1 - - [07/Nov/2023:18:34:14 +0000] "GET /media/cc0-images/grapefruit-slice-332-332.jpg HTTP/1.1" - -
::1 - - [07/Nov/2023:18:36:58 +0000] "GET / HTTP/1.1" - -
::1 - - [07/Nov/2023:18:36:58 +0000] "GET /movie HTTP/1.1" - -
::1 - - [07/Nov/2023:18:53:19 +0000] "GET / HTTP/1.1" - -
::1 - - [07/Nov/2023:18:53:19 +0000] "GET /movie HTTP/1.1" - -
::1 - - [07/Nov/2023:19:00:05 +0000] "GET / HTTP/1.1" - -
::1 - - [07/Nov/2023:19:00:05 +0000] "GET /movie HTTP/1.1" - -
::1 - - [07/Nov/2023:19:04:25 +0000] "GET / HTTP/1.1" - -
::1 - - [07/Nov/2023:19:04:25 +0000] "GET /movie HTTP/1.1" - -
::1 - - [07/Nov/2023:19:05:59 +0000] "GET / HTTP/1.1" - -
::1 - - [07/Nov/2023:19:05:59 +0000] "GET /movie HTTP/1.1" - -
::1 - - [07/Nov/2023:19:05:59 +0000] "GET /favicon.ico HTTP/1.1" - -
::1 - - [07/Nov/2023:19:06:09 +0000] "GET /movie/form/1 HTTP/1.1" - -
::1 - - [07/Nov/2023:19:06:10 +0000] "POST /movie/save HTTP/1.1" - -
::1 - - [07/Nov/2023:19:06:10 +0000] "GET /movie HTTP/1.1" - -
::1 - - [08/Nov/2023:11:31:03 +0000] "GET / HTTP/1.1" - -
::1 - - [08/Nov/2023:11:31:03 +0000] "GET /movie HTTP/1.1" - -
::1 - - [08/Nov/2023:11:31:05 +0000] "GET /movie/form/1 HTTP/1.1" - -
::1 - - [08/Nov/2023:11:31:09 +0000] "POST /movie/save HTTP/1.1" - -
::1 - - [08/Nov/2023:11:31:09 +0000] "GET /movie HTTP/1.1" - -
